<?xml version="1.0" encoding="UTF-8"?>
<testsuite xmlns:xsi="http://www.w3.org/2001/XMLSchema-instance" xsi:noNamespaceSchemaLocation="https://maven.apache.org/surefire/maven-surefire-plugin/xsd/surefire-test-report-3.0.xsd" version="3.0" name="org.ome.converter.plugin.vsi.ZarrV3PyramidWriterTest" time="0.032" tests="1" errors="0" skipped="0" failures="0">
  <properties>
[...]
</properties>
  <testcase name="testSingleDestinationFolderZarrV3Structure(Path)" classname="org.ome.converter.plugin.vsi.ZarrV3PyramidWriterTest" time="0.031">
    <system-out><![CDATA[14:41:25.791 [main] INFO org.ome.converter.plugin.vsi.ZarrV3PyramidWriter -- Initialized dataset output directory at: C:\Users\LENOVO\AppData\Local\Temp\junit4230225877986282578\sample_slide.zarr
14:41:25.797 [main] INFO org.ome.converter.plugin.vsi.ZarrV3PyramidWriter -- Wrote pyramid level 0 array metadata to C:\Users\LENOVO\AppData\Local\Temp\junit4230225877986282578\sample_slide.zarr\0\zarr.json
]]></system-out>
  </testcase>
</testsuite>